[2025-05-12T17:21:44.715+0000] {taskinstance.py:1157} INFO - Dependencies all met for dep_context=non-requeueable deps ti=<TaskInstance: gold_news_pipeline.run_consumer manual__2025-05-12T17:21:32.397957+00:00 [queued]>
[2025-05-12T17:21:44.729+0000] {taskinstance.py:1157} INFO - Dependencies all met for dep_context=requeueable deps ti=<TaskInstance: gold_news_pipeline.run_consumer manual__2025-05-12T17:21:32.397957+00:00 [queued]>
[2025-05-12T17:21:44.730+0000] {taskinstance.py:1359} INFO - Starting attempt 1 of 1
[2025-05-12T17:21:44.750+0000] {taskinstance.py:1380} INFO - Executing <Task(BashOperator): run_consumer> on 2025-05-12 17:21:32.397957+00:00
[2025-05-12T17:21:44.765+0000] {standard_task_runner.py:57} INFO - Started process 2422 to run task
[2025-05-12T17:21:44.769+0000] {standard_task_runner.py:84} INFO - Running: ['***', 'tasks', 'run', 'gold_news_pipeline', 'run_consumer', 'manual__2025-05-12T17:21:32.397957+00:00', '--job-id', '83', '--raw', '--subdir', 'DAGS_FOLDER/dag_news.py', '--cfg-path', '/tmp/tmp7u0dwfwg']
[2025-05-12T17:21:44.772+0000] {standard_task_runner.py:85} INFO - Job 83: Subtask run_consumer
[2025-05-12T17:21:44.840+0000] {task_command.py:415} INFO - Running <TaskInstance: gold_news_pipeline.run_consumer manual__2025-05-12T17:21:32.397957+00:00 [running]> on host 51d6065cf9f5
[2025-05-12T17:21:45.008+0000] {taskinstance.py:1660} INFO - Exporting env vars: AIRFLOW_CTX_DAG_OWNER='***' AIRFLOW_CTX_DAG_ID='gold_news_pipeline' AIRFLOW_CTX_TASK_ID='run_consumer' AIRFLOW_CTX_EXECUTION_DATE='2025-05-12T17:21:32.397957+00:00' AIRFLOW_CTX_TRY_NUMBER='1' AIRFLOW_CTX_DAG_RUN_ID='manual__2025-05-12T17:21:32.397957+00:00'
[2025-05-12T17:21:45.015+0000] {subprocess.py:63} INFO - Tmp dir root location: /tmp
[2025-05-12T17:21:45.017+0000] {subprocess.py:75} INFO - Running command: ['/bin/bash', '-c', 'docker exec gold_price_project-spark-1 spark-submit --packages org.apache.spark:spark-sql-kafka-0-10_2.12:3.5.0,com.datastax.spark:spark-cassandra-connector_2.12:3.5.0 /scripts/spark_news.py']
[2025-05-12T17:21:45.034+0000] {subprocess.py:86} INFO - Output:
[2025-05-12T17:21:53.481+0000] {subprocess.py:93} INFO - :: loading settings :: url = jar:file:/opt/spark/jars/ivy-2.5.1.jar!/org/apache/ivy/core/settings/ivysettings.xml
[2025-05-12T17:21:54.048+0000] {subprocess.py:93} INFO - Ivy Default Cache set to: /root/.ivy2/cache
[2025-05-12T17:21:54.049+0000] {subprocess.py:93} INFO - The jars for the packages stored in: /root/.ivy2/jars
[2025-05-12T17:21:54.099+0000] {subprocess.py:93} INFO - org.apache.spark#spark-sql-kafka-0-10_2.12 added as a dependency
[2025-05-12T17:21:54.101+0000] {subprocess.py:93} INFO - com.datastax.spark#spark-cassandra-connector_2.12 added as a dependency
[2025-05-12T17:21:54.110+0000] {subprocess.py:93} INFO - :: resolving dependencies :: org.apache.spark#spark-submit-parent-98c63522-ac0e-41e1-a33a-97afa48f5a37;1.0
[2025-05-12T17:21:54.111+0000] {subprocess.py:93} INFO - 	confs: [default]
[2025-05-12T17:21:58.100+0000] {subprocess.py:93} INFO - 	found com.datastax.spark#spark-cassandra-connector_2.12;3.5.0 in central
[2025-05-12T17:21:58.352+0000] {subprocess.py:93} INFO - 	found com.datastax.spark#spark-cassandra-connector-driver_2.12;3.5.0 in central
[2025-05-12T17:21:58.509+0000] {subprocess.py:93} INFO - 	found org.scala-lang.modules#scala-collection-compat_2.12;2.11.0 in central
[2025-05-12T17:22:01.604+0000] {subprocess.py:93} INFO - 	found com.datastax.oss#java-driver-core-shaded;4.13.0 in central
[2025-05-12T17:22:03.093+0000] {subprocess.py:93} INFO - 	found com.datastax.oss#native-protocol;1.5.0 in central
[2025-05-12T17:22:03.728+0000] {subprocess.py:93} INFO - 	found com.datastax.oss#java-driver-shaded-guava;25.1-jre-graal-sub-1 in central
[2025-05-12T17:22:04.382+0000] {subprocess.py:93} INFO - 	found com.typesafe#config;1.4.1 in central
[2025-05-12T17:22:05.783+0000] {subprocess.py:93} INFO - 	found org.slf4j#slf4j-api;1.7.26 in central
[2025-05-12T17:22:09.527+0000] {subprocess.py:93} INFO - 	found io.dropwizard.metrics#metrics-core;4.1.18 in central
[2025-05-12T17:22:09.707+0000] {subprocess.py:93} INFO - 	found org.hdrhistogram#HdrHistogram;2.1.12 in central
[2025-05-12T17:22:09.919+0000] {subprocess.py:93} INFO - 	found org.reactivestreams#reactive-streams;1.0.3 in central
[2025-05-12T17:22:10.617+0000] {subprocess.py:93} INFO - 	found com.github.stephenc.jcip#jcip-annotations;1.0-1 in central
[2025-05-12T17:22:10.815+0000] {subprocess.py:93} INFO - 	found com.github.spotbugs#spotbugs-annotations;3.1.12 in central
[2025-05-12T17:22:11.424+0000] {subprocess.py:93} INFO - 	found com.google.code.findbugs#jsr305;3.0.2 in central
[2025-05-12T17:22:11.816+0000] {subprocess.py:93} INFO - 	found com.datastax.oss#java-driver-mapper-runtime;4.13.0 in central
[2025-05-12T17:22:13.340+0000] {subprocess.py:93} INFO - 	found org.apache.commons#commons-lang3;3.10 in central
[2025-05-12T17:22:14.885+0000] {subprocess.py:93} INFO - 	found com.thoughtworks.paranamer#paranamer;2.8 in central
[2025-05-12T17:22:15.033+0000] {subprocess.py:93} INFO - 	found org.scala-lang#scala-reflect;2.12.11 in central
[2025-05-12T17:22:15.243+0000] {subprocess.py:93} INFO - downloading https://repo1.maven.org/maven2/com/datastax/spark/spark-cassandra-connector_2.12/3.5.0/spark-cassandra-connector_2.12-3.5.0.jar ...
[2025-05-12T17:22:15.601+0000] {subprocess.py:93} INFO - 	[SUCCESSFUL ] com.datastax.spark#spark-cassandra-connector_2.12;3.5.0!spark-cassandra-connector_2.12.jar (491ms)
[2025-05-12T17:22:15.750+0000] {subprocess.py:93} INFO - downloading https://repo1.maven.org/maven2/com/datastax/spark/spark-cassandra-connector-driver_2.12/3.5.0/spark-cassandra-connector-driver_2.12-3.5.0.jar ...
[2025-05-12T17:22:15.877+0000] {subprocess.py:93} INFO - 	[SUCCESSFUL ] com.datastax.spark#spark-cassandra-connector-driver_2.12;3.5.0!spark-cassandra-connector-driver_2.12.jar (279ms)
[2025-05-12T17:22:15.944+0000] {subprocess.py:93} INFO - downloading https://repo1.maven.org/maven2/org/scala-lang/modules/scala-collection-compat_2.12/2.11.0/scala-collection-compat_2.12-2.11.0.jar ...
[2025-05-12T17:22:16.104+0000] {subprocess.py:93} INFO - 	[SUCCESSFUL ] org.scala-lang.modules#scala-collection-compat_2.12;2.11.0!scala-collection-compat_2.12.jar (215ms)
[2025-05-12T17:22:16.193+0000] {subprocess.py:93} INFO - downloading https://repo1.maven.org/maven2/com/datastax/oss/java-driver-core-shaded/4.13.0/java-driver-core-shaded-4.13.0.jar ...
[2025-05-12T17:22:17.449+0000] {subprocess.py:93} INFO - 	[SUCCESSFUL ] com.datastax.oss#java-driver-core-shaded;4.13.0!java-driver-core-shaded.jar (1343ms)
[2025-05-12T17:22:17.494+0000] {subprocess.py:93} INFO - downloading https://repo1.maven.org/maven2/com/datastax/oss/java-driver-mapper-runtime/4.13.0/java-driver-mapper-runtime-4.13.0.jar ...
[2025-05-12T17:22:17.569+0000] {subprocess.py:93} INFO - 	[SUCCESSFUL ] com.datastax.oss#java-driver-mapper-runtime;4.13.0!java-driver-mapper-runtime.jar(bundle) (123ms)
[2025-05-12T17:22:17.619+0000] {subprocess.py:93} INFO - downloading https://repo1.maven.org/maven2/org/apache/commons/commons-lang3/3.10/commons-lang3-3.10.jar ...
[2025-05-12T17:22:17.818+0000] {subprocess.py:93} INFO - 	[SUCCESSFUL ] org.apache.commons#commons-lang3;3.10!commons-lang3.jar (241ms)
[2025-05-12T17:22:17.953+0000] {subprocess.py:93} INFO - downloading https://repo1.maven.org/maven2/com/thoughtworks/paranamer/paranamer/2.8/paranamer-2.8.jar ...
[2025-05-12T17:22:18.090+0000] {subprocess.py:93} INFO - 	[SUCCESSFUL ] com.thoughtworks.paranamer#paranamer;2.8!paranamer.jar(bundle) (259ms)
[2025-05-12T17:22:18.187+0000] {subprocess.py:93} INFO - downloading https://repo1.maven.org/maven2/org/scala-lang/scala-reflect/2.12.11/scala-reflect-2.12.11.jar ...
[2025-05-12T17:22:18.594+0000] {subprocess.py:93} INFO - 	[SUCCESSFUL ] org.scala-lang#scala-reflect;2.12.11!scala-reflect.jar (507ms)
[2025-05-12T17:22:18.634+0000] {subprocess.py:93} INFO - downloading https://repo1.maven.org/maven2/com/datastax/oss/native-protocol/1.5.0/native-protocol-1.5.0.jar ...
[2025-05-12T17:22:18.728+0000] {subprocess.py:93} INFO - 	[SUCCESSFUL ] com.datastax.oss#native-protocol;1.5.0!native-protocol.jar(bundle) (142ms)
[2025-05-12T17:22:18.787+0000] {subprocess.py:93} INFO - downloading https://repo1.maven.org/maven2/com/datastax/oss/java-driver-shaded-guava/25.1-jre-graal-sub-1/java-driver-shaded-guava-25.1-jre-graal-sub-1.jar ...
[2025-05-12T17:22:19.091+0000] {subprocess.py:93} INFO - 	[SUCCESSFUL ] com.datastax.oss#java-driver-shaded-guava;25.1-jre-graal-sub-1!java-driver-shaded-guava.jar (352ms)
[2025-05-12T17:22:19.175+0000] {subprocess.py:93} INFO - downloading https://repo1.maven.org/maven2/com/typesafe/config/1.4.1/config-1.4.1.jar ...
[2025-05-12T17:22:19.289+0000] {subprocess.py:93} INFO - 	[SUCCESSFUL ] com.typesafe#config;1.4.1!config.jar(bundle) (163ms)
[2025-05-12T17:22:19.356+0000] {subprocess.py:93} INFO - downloading https://repo1.maven.org/maven2/org/slf4j/slf4j-api/1.7.26/slf4j-api-1.7.26.jar ...
[2025-05-12T17:22:19.427+0000] {subprocess.py:93} INFO - 	[SUCCESSFUL ] org.slf4j#slf4j-api;1.7.26!slf4j-api.jar (145ms)
[2025-05-12T17:22:19.490+0000] {subprocess.py:93} INFO - downloading https://repo1.maven.org/maven2/io/dropwizard/metrics/metrics-core/4.1.18/metrics-core-4.1.18.jar ...
[2025-05-12T17:22:19.541+0000] {subprocess.py:93} INFO - 	[SUCCESSFUL ] io.dropwizard.metrics#metrics-core;4.1.18!metrics-core.jar(bundle) (111ms)
[2025-05-12T17:22:19.619+0000] {subprocess.py:93} INFO - downloading https://repo1.maven.org/maven2/org/hdrhistogram/HdrHistogram/2.1.12/HdrHistogram-2.1.12.jar ...
[2025-05-12T17:22:19.686+0000] {subprocess.py:93} INFO - 	[SUCCESSFUL ] org.hdrhistogram#HdrHistogram;2.1.12!HdrHistogram.jar(bundle) (134ms)
[2025-05-12T17:22:19.731+0000] {subprocess.py:93} INFO - downloading https://repo1.maven.org/maven2/org/reactivestreams/reactive-streams/1.0.3/reactive-streams-1.0.3.jar ...
[2025-05-12T17:22:19.809+0000] {subprocess.py:93} INFO - 	[SUCCESSFUL ] org.reactivestreams#reactive-streams;1.0.3!reactive-streams.jar (104ms)
[2025-05-12T17:22:19.871+0000] {subprocess.py:93} INFO - downloading https://repo1.maven.org/maven2/com/github/stephenc/jcip/jcip-annotations/1.0-1/jcip-annotations-1.0-1.jar ...
[2025-05-12T17:22:19.918+0000] {subprocess.py:93} INFO - 	[SUCCESSFUL ] com.github.stephenc.jcip#jcip-annotations;1.0-1!jcip-annotations.jar (106ms)
[2025-05-12T17:22:19.967+0000] {subprocess.py:93} INFO - downloading https://repo1.maven.org/maven2/com/github/spotbugs/spotbugs-annotations/3.1.12/spotbugs-annotations-3.1.12.jar ...
[2025-05-12T17:22:20.020+0000] {subprocess.py:93} INFO - 	[SUCCESSFUL ] com.github.spotbugs#spotbugs-annotations;3.1.12!spotbugs-annotations.jar (100ms)
[2025-05-12T17:22:20.120+0000] {subprocess.py:93} INFO - downloading https://repo1.maven.org/maven2/com/google/code/findbugs/jsr305/3.0.2/jsr305-3.0.2.jar ...
[2025-05-12T17:22:20.178+0000] {subprocess.py:93} INFO - 	[SUCCESSFUL ] com.google.code.findbugs#jsr305;3.0.2!jsr305.jar (140ms)
[2025-05-12T17:22:20.182+0000] {subprocess.py:93} INFO - :: resolution report :: resolve 20995ms :: artifacts dl 5065ms
[2025-05-12T17:22:20.188+0000] {subprocess.py:93} INFO - 	:: modules in use:
[2025-05-12T17:22:20.192+0000] {subprocess.py:93} INFO - 	com.datastax.oss#java-driver-core-shaded;4.13.0 from central in [default]
[2025-05-12T17:22:20.194+0000] {subprocess.py:93} INFO - 	com.datastax.oss#java-driver-mapper-runtime;4.13.0 from central in [default]
[2025-05-12T17:22:20.201+0000] {subprocess.py:93} INFO - 	com.datastax.oss#java-driver-shaded-guava;25.1-jre-graal-sub-1 from central in [default]
[2025-05-12T17:22:20.202+0000] {subprocess.py:93} INFO - 	com.datastax.oss#native-protocol;1.5.0 from central in [default]
[2025-05-12T17:22:20.203+0000] {subprocess.py:93} INFO - 	com.datastax.spark#spark-cassandra-connector-driver_2.12;3.5.0 from central in [default]
[2025-05-12T17:22:20.205+0000] {subprocess.py:93} INFO - 	com.datastax.spark#spark-cassandra-connector_2.12;3.5.0 from central in [default]
[2025-05-12T17:22:20.206+0000] {subprocess.py:93} INFO - 	com.github.spotbugs#spotbugs-annotations;3.1.12 from central in [default]
[2025-05-12T17:22:20.207+0000] {subprocess.py:93} INFO - 	com.github.stephenc.jcip#jcip-annotations;1.0-1 from central in [default]
[2025-05-12T17:22:20.208+0000] {subprocess.py:93} INFO - 	com.google.code.findbugs#jsr305;3.0.2 from central in [default]
[2025-05-12T17:22:20.208+0000] {subprocess.py:93} INFO - 	com.thoughtworks.paranamer#paranamer;2.8 from central in [default]
[2025-05-12T17:22:20.209+0000] {subprocess.py:93} INFO - 	com.typesafe#config;1.4.1 from central in [default]
[2025-05-12T17:22:20.210+0000] {subprocess.py:93} INFO - 	io.dropwizard.metrics#metrics-core;4.1.18 from central in [default]
[2025-05-12T17:22:20.210+0000] {subprocess.py:93} INFO - 	org.apache.commons#commons-lang3;3.10 from central in [default]
[2025-05-12T17:22:20.211+0000] {subprocess.py:93} INFO - 	org.hdrhistogram#HdrHistogram;2.1.12 from central in [default]
[2025-05-12T17:22:20.211+0000] {subprocess.py:93} INFO - 	org.reactivestreams#reactive-streams;1.0.3 from central in [default]
[2025-05-12T17:22:20.222+0000] {subprocess.py:93} INFO - 	org.scala-lang#scala-reflect;2.12.11 from central in [default]
[2025-05-12T17:22:20.223+0000] {subprocess.py:93} INFO - 	org.scala-lang.modules#scala-collection-compat_2.12;2.11.0 from central in [default]
[2025-05-12T17:22:20.224+0000] {subprocess.py:93} INFO - 	org.slf4j#slf4j-api;1.7.26 from central in [default]
[2025-05-12T17:22:20.227+0000] {subprocess.py:93} INFO - 	---------------------------------------------------------------------
[2025-05-12T17:22:20.228+0000] {subprocess.py:93} INFO - 	|                  |            modules            ||   artifacts   |
[2025-05-12T17:22:20.233+0000] {subprocess.py:93} INFO - 	|       conf       | number| search|dwnlded|evicted|| number|dwnlded|
[2025-05-12T17:22:20.234+0000] {subprocess.py:93} INFO - 	---------------------------------------------------------------------
[2025-05-12T17:22:20.234+0000] {subprocess.py:93} INFO - 	|      default     |   20  |   18  |   18  |   0   ||   18  |   18  |
[2025-05-12T17:22:20.238+0000] {subprocess.py:93} INFO - 	---------------------------------------------------------------------
[2025-05-12T17:22:20.238+0000] {subprocess.py:93} INFO - 
[2025-05-12T17:22:20.239+0000] {subprocess.py:93} INFO - :: problems summary ::
[2025-05-12T17:22:20.241+0000] {subprocess.py:93} INFO - :::: WARNINGS
[2025-05-12T17:22:20.242+0000] {subprocess.py:93} INFO - 	problem while downloading module descriptor: https://repo1.maven.org/maven2/org/apache/spark/spark-sql-kafka-0-10_2.12/3.5.0/spark-sql-kafka-0-10_2.12-3.5.0.pom: Downloaded file size (0) doesn't match expected Content Length (14867) for https://repo1.maven.org/maven2/org/apache/spark/spark-sql-kafka-0-10_2.12/3.5.0/spark-sql-kafka-0-10_2.12-3.5.0.pom. Please retry. (149ms)
[2025-05-12T17:22:20.244+0000] {subprocess.py:93} INFO - 
[2025-05-12T17:22:20.246+0000] {subprocess.py:93} INFO - 		module not found: org.apache.spark#spark-sql-kafka-0-10_2.12;3.5.0
[2025-05-12T17:22:20.248+0000] {subprocess.py:93} INFO - 
[2025-05-12T17:22:20.249+0000] {subprocess.py:93} INFO - 	==== local-m2-cache: tried
[2025-05-12T17:22:20.251+0000] {subprocess.py:93} INFO - 
[2025-05-12T17:22:20.251+0000] {subprocess.py:93} INFO - 	  file:/root/.m2/repository/org/apache/spark/spark-sql-kafka-0-10_2.12/3.5.0/spark-sql-kafka-0-10_2.12-3.5.0.pom
[2025-05-12T17:22:20.252+0000] {subprocess.py:93} INFO - 
[2025-05-12T17:22:20.252+0000] {subprocess.py:93} INFO - 	  -- artifact org.apache.spark#spark-sql-kafka-0-10_2.12;3.5.0!spark-sql-kafka-0-10_2.12.jar:
[2025-05-12T17:22:20.253+0000] {subprocess.py:93} INFO - 
[2025-05-12T17:22:20.253+0000] {subprocess.py:93} INFO - 	  file:/root/.m2/repository/org/apache/spark/spark-sql-kafka-0-10_2.12/3.5.0/spark-sql-kafka-0-10_2.12-3.5.0.jar
[2025-05-12T17:22:20.254+0000] {subprocess.py:93} INFO - 
[2025-05-12T17:22:20.255+0000] {subprocess.py:93} INFO - 	==== local-ivy-cache: tried
[2025-05-12T17:22:20.255+0000] {subprocess.py:93} INFO - 
[2025-05-12T17:22:20.256+0000] {subprocess.py:93} INFO - 	  /root/.ivy2/local/org.apache.spark/spark-sql-kafka-0-10_2.12/3.5.0/ivys/ivy.xml
[2025-05-12T17:22:20.257+0000] {subprocess.py:93} INFO - 
[2025-05-12T17:22:20.258+0000] {subprocess.py:93} INFO - 	  -- artifact org.apache.spark#spark-sql-kafka-0-10_2.12;3.5.0!spark-sql-kafka-0-10_2.12.jar:
[2025-05-12T17:22:20.259+0000] {subprocess.py:93} INFO - 
[2025-05-12T17:22:20.263+0000] {subprocess.py:93} INFO - 	  /root/.ivy2/local/org.apache.spark/spark-sql-kafka-0-10_2.12/3.5.0/jars/spark-sql-kafka-0-10_2.12.jar
[2025-05-12T17:22:20.266+0000] {subprocess.py:93} INFO - 
[2025-05-12T17:22:20.267+0000] {subprocess.py:93} INFO - 	==== central: tried
[2025-05-12T17:22:20.270+0000] {subprocess.py:93} INFO - 
[2025-05-12T17:22:20.271+0000] {subprocess.py:93} INFO - 	  https://repo1.maven.org/maven2/org/apache/spark/spark-sql-kafka-0-10_2.12/3.5.0/spark-sql-kafka-0-10_2.12-3.5.0.pom
[2025-05-12T17:22:20.283+0000] {subprocess.py:93} INFO - 
[2025-05-12T17:22:20.285+0000] {subprocess.py:93} INFO - 	==== spark-packages: tried
[2025-05-12T17:22:20.286+0000] {subprocess.py:93} INFO - 
[2025-05-12T17:22:20.286+0000] {subprocess.py:93} INFO - 	  https://repos.spark-packages.org/org/apache/spark/spark-sql-kafka-0-10_2.12/3.5.0/spark-sql-kafka-0-10_2.12-3.5.0.pom
[2025-05-12T17:22:20.287+0000] {subprocess.py:93} INFO - 
[2025-05-12T17:22:20.289+0000] {subprocess.py:93} INFO - 	  -- artifact org.apache.spark#spark-sql-kafka-0-10_2.12;3.5.0!spark-sql-kafka-0-10_2.12.jar:
[2025-05-12T17:22:20.293+0000] {subprocess.py:93} INFO - 
[2025-05-12T17:22:20.294+0000] {subprocess.py:93} INFO - 	  https://repos.spark-packages.org/org/apache/spark/spark-sql-kafka-0-10_2.12/3.5.0/spark-sql-kafka-0-10_2.12-3.5.0.jar
[2025-05-12T17:22:20.296+0000] {subprocess.py:93} INFO - 
[2025-05-12T17:22:20.296+0000] {subprocess.py:93} INFO - 	io problem while parsing ivy file: https://repo1.maven.org/maven2/com/datastax/oss/java-driver-query-builder/4.13.0/java-driver-query-builder-4.13.0.pom (java.io.FileNotFoundException: /root/.ivy2/cache/com.datastax.oss/java-driver-query-builder/ivy-4.13.0.xml.original (No such file or directory))
[2025-05-12T17:22:20.297+0000] {subprocess.py:93} INFO - 
[2025-05-12T17:22:20.298+0000] {subprocess.py:93} INFO - 		module not found: com.datastax.oss#java-driver-query-builder;4.13.0
[2025-05-12T17:22:20.298+0000] {subprocess.py:93} INFO - 
[2025-05-12T17:22:20.299+0000] {subprocess.py:93} INFO - 	==== local-m2-cache: tried
[2025-05-12T17:22:20.299+0000] {subprocess.py:93} INFO - 
[2025-05-12T17:22:20.300+0000] {subprocess.py:93} INFO - 	  file:/root/.m2/repository/com/datastax/oss/java-driver-query-builder/4.13.0/java-driver-query-builder-4.13.0.pom
[2025-05-12T17:22:20.300+0000] {subprocess.py:93} INFO - 
[2025-05-12T17:22:20.301+0000] {subprocess.py:93} INFO - 	  -- artifact com.datastax.oss#java-driver-query-builder;4.13.0!java-driver-query-builder.jar:
[2025-05-12T17:22:20.301+0000] {subprocess.py:93} INFO - 
[2025-05-12T17:22:20.301+0000] {subprocess.py:93} INFO - 	  file:/root/.m2/repository/com/datastax/oss/java-driver-query-builder/4.13.0/java-driver-query-builder-4.13.0.jar
[2025-05-12T17:22:20.302+0000] {subprocess.py:93} INFO - 
[2025-05-12T17:22:20.302+0000] {subprocess.py:93} INFO - 	==== local-ivy-cache: tried
[2025-05-12T17:22:20.302+0000] {subprocess.py:93} INFO - 
[2025-05-12T17:22:20.303+0000] {subprocess.py:93} INFO - 	  /root/.ivy2/local/com.datastax.oss/java-driver-query-builder/4.13.0/ivys/ivy.xml
[2025-05-12T17:22:20.303+0000] {subprocess.py:93} INFO - 
[2025-05-12T17:22:20.303+0000] {subprocess.py:93} INFO - 	  -- artifact com.datastax.oss#java-driver-query-builder;4.13.0!java-driver-query-builder.jar:
[2025-05-12T17:22:20.304+0000] {subprocess.py:93} INFO - 
[2025-05-12T17:22:20.304+0000] {subprocess.py:93} INFO - 	  /root/.ivy2/local/com.datastax.oss/java-driver-query-builder/4.13.0/jars/java-driver-query-builder.jar
[2025-05-12T17:22:20.306+0000] {subprocess.py:93} INFO - 
[2025-05-12T17:22:20.308+0000] {subprocess.py:93} INFO - 	==== central: tried
[2025-05-12T17:22:20.308+0000] {subprocess.py:93} INFO - 
[2025-05-12T17:22:20.309+0000] {subprocess.py:93} INFO - 	  https://repo1.maven.org/maven2/com/datastax/oss/java-driver-query-builder/4.13.0/java-driver-query-builder-4.13.0.pom
[2025-05-12T17:22:20.310+0000] {subprocess.py:93} INFO - 
[2025-05-12T17:22:20.310+0000] {subprocess.py:93} INFO - 	==== spark-packages: tried
[2025-05-12T17:22:20.311+0000] {subprocess.py:93} INFO - 
[2025-05-12T17:22:20.311+0000] {subprocess.py:93} INFO - 	  https://repos.spark-packages.org/com/datastax/oss/java-driver-query-builder/4.13.0/java-driver-query-builder-4.13.0.pom
[2025-05-12T17:22:20.311+0000] {subprocess.py:93} INFO - 
[2025-05-12T17:22:20.312+0000] {subprocess.py:93} INFO - 	  -- artifact com.datastax.oss#java-driver-query-builder;4.13.0!java-driver-query-builder.jar:
[2025-05-12T17:22:20.312+0000] {subprocess.py:93} INFO - 
[2025-05-12T17:22:20.313+0000] {subprocess.py:93} INFO - 	  https://repos.spark-packages.org/com/datastax/oss/java-driver-query-builder/4.13.0/java-driver-query-builder-4.13.0.jar
[2025-05-12T17:22:20.313+0000] {subprocess.py:93} INFO - 
[2025-05-12T17:22:20.314+0000] {subprocess.py:93} INFO - 		::::::::::::::::::::::::::::::::::::::::::::::
[2025-05-12T17:22:20.314+0000] {subprocess.py:93} INFO - 
[2025-05-12T17:22:20.315+0000] {subprocess.py:93} INFO - 		::          UNRESOLVED DEPENDENCIES         ::
[2025-05-12T17:22:20.316+0000] {subprocess.py:93} INFO - 
[2025-05-12T17:22:20.317+0000] {subprocess.py:93} INFO - 		::::::::::::::::::::::::::::::::::::::::::::::
[2025-05-12T17:22:20.318+0000] {subprocess.py:93} INFO - 
[2025-05-12T17:22:20.319+0000] {subprocess.py:93} INFO - 		:: org.apache.spark#spark-sql-kafka-0-10_2.12;3.5.0: not found
[2025-05-12T17:22:20.320+0000] {subprocess.py:93} INFO - 
[2025-05-12T17:22:20.323+0000] {subprocess.py:93} INFO - 		:: com.datastax.oss#java-driver-query-builder;4.13.0: not found
[2025-05-12T17:22:20.325+0000] {subprocess.py:93} INFO - 
[2025-05-12T17:22:20.325+0000] {subprocess.py:93} INFO - 		::::::::::::::::::::::::::::::::::::::::::::::
[2025-05-12T17:22:20.326+0000] {subprocess.py:93} INFO - 
[2025-05-12T17:22:20.327+0000] {subprocess.py:93} INFO - 
[2025-05-12T17:22:20.327+0000] {subprocess.py:93} INFO - 
[2025-05-12T17:22:20.328+0000] {subprocess.py:93} INFO - :: USE VERBOSE OR DEBUG MESSAGE LEVEL FOR MORE DETAILS
[2025-05-12T17:22:20.328+0000] {subprocess.py:93} INFO - Exception in thread "main" java.lang.RuntimeException: [unresolved dependency: org.apache.spark#spark-sql-kafka-0-10_2.12;3.5.0: not found, unresolved dependency: com.datastax.oss#java-driver-query-builder;4.13.0: not found]
[2025-05-12T17:22:20.328+0000] {subprocess.py:93} INFO - 	at org.apache.spark.deploy.SparkSubmitUtils$.resolveMavenCoordinates(SparkSubmit.scala:1608)
[2025-05-12T17:22:20.329+0000] {subprocess.py:93} INFO - 	at org.apache.spark.util.DependencyUtils$.resolveMavenDependencies(DependencyUtils.scala:185)
[2025-05-12T17:22:20.329+0000] {subprocess.py:93} INFO - 	at org.apache.spark.deploy.SparkSubmit.prepareSubmitEnvironment(SparkSubmit.scala:334)
[2025-05-12T17:22:20.329+0000] {subprocess.py:93} INFO - 	at org.apache.spark.deploy.SparkSubmit.org$apache$spark$deploy$SparkSubmit$$runMain(SparkSubmit.scala:964)
[2025-05-12T17:22:20.330+0000] {subprocess.py:93} INFO - 	at org.apache.spark.deploy.SparkSubmit.doRunMain$1(SparkSubmit.scala:194)
[2025-05-12T17:22:20.330+0000] {subprocess.py:93} INFO - 	at org.apache.spark.deploy.SparkSubmit.submit(SparkSubmit.scala:217)
[2025-05-12T17:22:20.330+0000] {subprocess.py:93} INFO - 	at org.apache.spark.deploy.SparkSubmit.doSubmit(SparkSubmit.scala:91)
[2025-05-12T17:22:20.331+0000] {subprocess.py:93} INFO - 	at org.apache.spark.deploy.SparkSubmit$$anon$2.doSubmit(SparkSubmit.scala:1120)
[2025-05-12T17:22:20.331+0000] {subprocess.py:93} INFO - 	at org.apache.spark.deploy.SparkSubmit$.main(SparkSubmit.scala:1129)
[2025-05-12T17:22:20.331+0000] {subprocess.py:93} INFO - 	at org.apache.spark.deploy.SparkSubmit.main(SparkSubmit.scala)
[2025-05-12T17:22:20.332+0000] {subprocess.py:97} INFO - Command exited with return code 1
[2025-05-12T17:22:20.349+0000] {taskinstance.py:1935} ERROR - Task failed with exception
Traceback (most recent call last):
  File "/home/airflow/.local/lib/python3.8/site-packages/airflow/operators/bash.py", line 210, in execute
    raise AirflowException(
airflow.exceptions.AirflowException: Bash command failed. The command returned a non-zero exit code 1.
[2025-05-12T17:22:20.361+0000] {taskinstance.py:1398} INFO - Marking task as FAILED. dag_id=gold_news_pipeline, task_id=run_consumer, execution_date=20250512T172132, start_date=20250512T172144, end_date=20250512T172220
[2025-05-12T17:22:20.389+0000] {standard_task_runner.py:104} ERROR - Failed to execute job 83 for task run_consumer (Bash command failed. The command returned a non-zero exit code 1.; 2422)
[2025-05-12T17:22:20.418+0000] {local_task_job_runner.py:228} INFO - Task exited with return code 1
[2025-05-12T17:22:20.467+0000] {taskinstance.py:2776} INFO - 0 downstream tasks scheduled from follow-on schedule check
